[2m2026-04-11T20:43:09.854186Z[0m [32m INFO[0m ThreadId(01) [2mrelativist::observability::tracing_init[0m[2m:[0m observability initialized [3mlog_format[0m[2m=[0mText [3mrole[0m[2m=[0mLocal [3mfilter_source[0m[2m=[0m"defaults" [3mdefault_filter[0m[2m=[0m"relativist::coordinator=info,relativist::worker=info,relativist::reduction=warn,relativist::protocol=warn,relativist::partition=info,relativist::net=warn,relativist::observability=info,relativist::security=info,warn" [3mmetrics_enabled[0m[2m=[0mfalse [3motel_enabled[0m[2m=[0mfalse
=== Relativist Benchmark Suite ===
Benchmarks:  ep_annihilation_con
Mode:        local
Workers:     [1, 2, 4, 8]
Warmup:      2
Repetitions: 5

=== Results ===
Benchmark                   Size Workers    Time(s)     MIPS  Speedup Efficiency
--------------------------------------------------------------------------------
ep_annihilation_con 10000000       0   3.466455      2.9   1.0000     1.0000
ep_annihilation_con 10000000       1   3.543368      2.8   0.9778     0.9778
ep_annihilation_con 10000000       2   9.642316      1.0   0.3591     0.1796
ep_annihilation_con 10000000       4  10.680804      0.9   0.3242     0.0810
ep_annihilation_con 10000000       8  13.272874      0.8   0.2604     0.0326
ep_annihilation_con 20000000       0   7.371363      2.7   1.0000     1.0000
ep_annihilation_con 20000000       1   7.624265      2.6   0.9684     0.9684
ep_annihilation_con 20000000       2  20.671323      1.0   0.3573     0.1786
ep_annihilation_con 20000000       4  23.174598      0.9   0.3172     0.0793
ep_annihilation_con 20000000       8  28.673831      0.7   0.2569     0.0321
ep_annihilation_con 50000000       0  20.445494      2.5   1.0000     1.0000
ep_annihilation_con 50000000       1  20.755926      2.4   0.9885     0.9885
ep_annihilation_con 50000000       2  54.493008      0.9   0.3736     0.1868
ep_annihilation_con 50000000       4  60.474144      0.8   0.3366     0.0841
ep_annihilation_con 50000000       8  76.006685      0.7   0.2672     0.0334

Total datapoints: 75  |  All correct: true
Detail CSV written to: C:/Users/Filipe/Desktop/TCC_interaction_combinators_for_grid_computing/codigo/relativist/results/extended/v1_stress/raw/phase1/ep_annihilation_con_stress_detail.csv
Rounds CSV written to: C:/Users/Filipe/Desktop/TCC_interaction_combinators_for_grid_computing/codigo/relativist/results/extended/v1_stress/raw/phase1/ep_annihilation_con_stress_rounds.csv
Summary CSV written to: C:/Users/Filipe/Desktop/TCC_interaction_combinators_for_grid_computing/codigo/relativist/results/extended/v1_stress/raw/phase1/ep_annihilation_con_stress_summary.csv
