[2m2026-04-11T14:55:31.102059Z[0m [32m INFO[0m ThreadId(01) [2mrelativist::observability::tracing_init[0m[2m:[0m observability initialized [3mlog_format[0m[2m=[0mText [3mrole[0m[2m=[0mLocal [3mfilter_source[0m[2m=[0m"defaults" [3mdefault_filter[0m[2m=[0m"relativist::coordinator=info,relativist::worker=info,relativist::reduction=warn,relativist::protocol=warn,relativist::partition=info,relativist::net=warn,relativist::observability=info,relativist::security=info,warn" [3mmetrics_enabled[0m[2m=[0mfalse [3motel_enabled[0m[2m=[0mfalse
=== Relativist Benchmark Suite ===
Benchmarks:  condup_expansion
Mode:        local
Workers:     [1, 2, 4, 8]
Warmup:      2
Repetitions: 10

=== Results ===
Benchmark                   Size Workers    Time(s)     MIPS  Speedup Efficiency
--------------------------------------------------------------------------------
condup_expansion    100       0   0.000007     13.9   1.0000     1.0000
  WARNING: high variance (CV=57.06%) for condup_expansion size=100 workers=0
condup_expansion    100       1   0.000007     14.7   0.9583     0.9583
condup_expansion    100       2   0.001899      0.1   0.0034     0.0017
condup_expansion    100       4   0.010084      0.0   0.0006     0.0002
condup_expansion    100       8   0.047876      0.0   0.0001     0.0000
condup_expansion    500       0   0.000057      8.9   1.0000     1.0000
condup_expansion    500       1   0.000066      7.2   0.8289     0.8289
  WARNING: high variance (CV=20.63%) for condup_expansion size=500 workers=1
condup_expansion    500       2   0.002048      0.2   0.0277     0.0138
condup_expansion    500       4   0.010200      0.0   0.0056     0.0014
condup_expansion    500       8   0.046391      0.0   0.0012     0.0002
condup_expansion   1000       0   0.000102     10.3   1.0000     1.0000
  WARNING: high variance (CV=11.02%) for condup_expansion size=1000 workers=0
condup_expansion   1000       1   0.000125      7.8   0.7946     0.7946
condup_expansion   1000       2   0.002341      0.4   0.0433     0.0217
condup_expansion   1000       4   0.010413      0.1   0.0098     0.0024
condup_expansion   1000       8   0.043402      0.0   0.0024     0.0003
condup_expansion   5000       0   0.000425     11.8   1.0000     1.0000
condup_expansion   5000       1   0.000501     10.1   0.8569     0.8569
condup_expansion   5000       2   0.003601      1.4   0.1172     0.0586
condup_expansion   5000       4   0.012340      0.4   0.0344     0.0086
condup_expansion   5000       8   0.046941      0.1   0.0091     0.0011

Total datapoints: 200  |  All correct: true
Detail CSV written to: C:/Users/Filipe/Desktop/TCC_interaction_combinators_for_grid_computing/codigo/relativist/results/locked/v1_local_baseline/raw/phase1/condup_expansion_s100_500_1000_5000_detail.csv
Rounds CSV written to: C:/Users/Filipe/Desktop/TCC_interaction_combinators_for_grid_computing/codigo/relativist/results/locked/v1_local_baseline/raw/phase1/condup_expansion_s100_500_1000_5000_rounds.csv
Summary CSV written to: C:/Users/Filipe/Desktop/TCC_interaction_combinators_for_grid_computing/codigo/relativist/results/locked/v1_local_baseline/raw/phase1/condup_expansion_s100_500_1000_5000_summary.csv
