[2m2026-04-11T14:55:06.539067Z[0m [32m INFO[0m ThreadId(01) [2mrelativist::observability::tracing_init[0m[2m:[0m observability initialized [3mlog_format[0m[2m=[0mText [3mrole[0m[2m=[0mLocal [3mfilter_source[0m[2m=[0m"defaults" [3mdefault_filter[0m[2m=[0m"relativist::coordinator=info,relativist::worker=info,relativist::reduction=warn,relativist::protocol=warn,relativist::partition=info,relativist::net=warn,relativist::observability=info,relativist::security=info,warn" [3mmetrics_enabled[0m[2m=[0mfalse [3motel_enabled[0m[2m=[0mfalse
=== Relativist Benchmark Suite ===
Benchmarks:  erasure_propagation
Mode:        local
Workers:     [1, 2, 4, 8]
Warmup:      2
Repetitions: 10

=== Results ===
Benchmark                   Size Workers    Time(s)     MIPS  Speedup Efficiency
--------------------------------------------------------------------------------
erasure_propagation    100       0   0.000003     29.1   1.0000     1.0000
  WARNING: high variance (CV=88.05%) for erasure_propagation size=100 workers=0
erasure_propagation    100       1   0.000003     30.0   0.8700     0.8700
  WARNING: high variance (CV=24.26%) for erasure_propagation size=100 workers=1
erasure_propagation    100       2   0.000954      0.1   0.0030     0.0015
erasure_propagation    100       4   0.003287      0.0   0.0009     0.0002
erasure_propagation    100       8   0.007450      0.0   0.0004     0.0000
erasure_propagation    500       0   0.000027     18.4   1.0000     1.0000
  WARNING: high variance (CV=14.55%) for erasure_propagation size=500 workers=0
erasure_propagation    500       1   0.000028     17.7   0.9691     0.9691
erasure_propagation    500       2   0.000966      0.5   0.0282     0.0141
erasure_propagation    500       4   0.003225      0.2   0.0084     0.0021
erasure_propagation    500       8   0.007424      0.1   0.0037     0.0005
erasure_propagation   1000       0   0.000048     20.5   1.0000     1.0000
erasure_propagation   1000       1   0.000051     19.2   0.9223     0.9223
erasure_propagation   1000       2   0.001186      0.8   0.0405     0.0202
erasure_propagation   1000       4   0.003375      0.3   0.0142     0.0036
erasure_propagation   1000       8   0.007517      0.1   0.0064     0.0008
erasure_propagation   5000       0   0.000261     21.1   1.0000     1.0000
  WARNING: high variance (CV=16.14%) for erasure_propagation size=5000 workers=0
erasure_propagation   5000       1   0.000277     18.5   0.9633     0.9633
erasure_propagation   5000       2   0.001806      2.8   0.1444     0.0722
erasure_propagation   5000       4   0.004045      1.2   0.0642     0.0160
erasure_propagation   5000       8   0.008480      0.6   0.0308     0.0038
erasure_propagation  10000       0   0.000456     23.1   1.0000     1.0000
  WARNING: high variance (CV=11.55%) for erasure_propagation size=10000 workers=0
erasure_propagation  10000       1   0.000496     20.7   0.9427     0.9427
erasure_propagation  10000       2   0.002770      3.6   0.1622     0.0811
erasure_propagation  10000       4   0.005083      2.0   0.0907     0.0227
erasure_propagation  10000       8   0.009578      1.0   0.0472     0.0059

Total datapoints: 250  |  All correct: true
Detail CSV written to: C:/Users/Filipe/Desktop/TCC_interaction_combinators_for_grid_computing/codigo/relativist/results/locked/v1_local_baseline/raw/phase1/erasure_propagation_detail.csv
Rounds CSV written to: C:/Users/Filipe/Desktop/TCC_interaction_combinators_for_grid_computing/codigo/relativist/results/locked/v1_local_baseline/raw/phase1/erasure_propagation_rounds.csv
Summary CSV written to: C:/Users/Filipe/Desktop/TCC_interaction_combinators_for_grid_computing/codigo/relativist/results/locked/v1_local_baseline/raw/phase1/erasure_propagation_summary.csv
