[2m2026-04-11T14:56:12.573878Z[0m [32m INFO[0m ThreadId(01) [2mrelativist::observability::tracing_init[0m[2m:[0m observability initialized [3mlog_format[0m[2m=[0mText [3mrole[0m[2m=[0mLocal [3mfilter_source[0m[2m=[0m"defaults" [3mdefault_filter[0m[2m=[0m"relativist::coordinator=info,relativist::worker=info,relativist::reduction=warn,relativist::protocol=warn,relativist::partition=info,relativist::net=warn,relativist::observability=info,relativist::security=info,warn" [3mmetrics_enabled[0m[2m=[0mfalse [3motel_enabled[0m[2m=[0mfalse
=== Relativist Benchmark Suite ===
Benchmarks:  condup_expansion
Mode:        local
Workers:     [1, 2, 4, 8]
Warmup:      2
Repetitions: 10

=== Results ===
Benchmark                   Size Workers    Time(s)     MIPS  Speedup Efficiency
--------------------------------------------------------------------------------
condup_expansion  10000       0   0.000914     10.9   1.0000     1.0000
condup_expansion  10000       1   0.000991     10.0   0.9120     0.9120
condup_expansion  10000       2   0.007374      1.4   0.1241     0.0620
condup_expansion  10000       4   0.023472      0.4   0.0390     0.0098
condup_expansion  10000       8   0.092350      0.1   0.0099     0.0012
condup_expansion  50000       0   0.004665     10.7   1.0000     1.0000
condup_expansion  50000       1   0.005244      9.6   0.8933     0.8933
condup_expansion  50000       2   0.038383      1.3   0.1209     0.0605
condup_expansion  50000       4   0.121379      0.4   0.0386     0.0096
condup_expansion  50000       8   0.496546      0.1   0.0094     0.0012

Total datapoints: 100  |  All correct: true
Detail CSV written to: C:/Users/Filipe/Desktop/TCC_interaction_combinators_for_grid_computing/codigo/relativist/results/locked/v1_local_baseline/raw/phase1/condup_expansion_s10000_50000_detail.csv
Rounds CSV written to: C:/Users/Filipe/Desktop/TCC_interaction_combinators_for_grid_computing/codigo/relativist/results/locked/v1_local_baseline/raw/phase1/condup_expansion_s10000_50000_rounds.csv
Summary CSV written to: C:/Users/Filipe/Desktop/TCC_interaction_combinators_for_grid_computing/codigo/relativist/results/locked/v1_local_baseline/raw/phase1/condup_expansion_s10000_50000_summary.csv
