[2m2026-04-11T14:44:58.088951Z[0m [32m INFO[0m ThreadId(01) [2mrelativist::observability::tracing_init[0m[2m:[0m observability initialized [3mlog_format[0m[2m=[0mText [3mrole[0m[2m=[0mLocal [3mfilter_source[0m[2m=[0m"defaults" [3mdefault_filter[0m[2m=[0m"relativist::coordinator=info,relativist::worker=info,relativist::reduction=warn,relativist::protocol=warn,relativist::partition=info,relativist::net=warn,relativist::observability=info,relativist::security=info,warn" [3mmetrics_enabled[0m[2m=[0mfalse [3motel_enabled[0m[2m=[0mfalse
=== Relativist Benchmark Suite ===
Benchmarks:  ep_annihilation_con
Mode:        local
Workers:     [1, 2, 4, 8]
Warmup:      2
Repetitions: 10

=== Results ===
Benchmark                   Size Workers    Time(s)     MIPS  Speedup Efficiency
--------------------------------------------------------------------------------
ep_annihilation_con    100       0   0.000009     10.2   1.0000     1.0000
  WARNING: high variance (CV=19.14%) for ep_annihilation_con size=100 workers=0
ep_annihilation_con    100       1   0.000010      9.6   0.8821     0.8821
ep_annihilation_con    100       2   0.000023      4.3   0.3968     0.1984
ep_annihilation_con    100       4   0.000026      3.9   0.3548     0.0887
ep_annihilation_con    100       8   0.000042      2.4   0.2190     0.0274
ep_annihilation_con    500       0   0.000070      7.2   1.0000     1.0000
ep_annihilation_con    500       1   0.000075      6.5   0.8967     0.8967
  WARNING: high variance (CV=13.90%) for ep_annihilation_con size=500 workers=1
ep_annihilation_con    500       2   0.000122      4.0   0.5624     0.2812
ep_annihilation_con    500       4   0.000153      3.3   0.4578     0.1145
ep_annihilation_con    500       8   0.000219      2.1   0.2934     0.0367
  WARNING: high variance (CV=43.62%) for ep_annihilation_con size=500 workers=8
ep_annihilation_con   1000       0   0.000137      7.3   1.0000     1.0000
ep_annihilation_con   1000       1   0.000143      6.8   0.9379     0.9379
  WARNING: high variance (CV=12.92%) for ep_annihilation_con size=1000 workers=1
ep_annihilation_con   1000       2   0.000270      3.7   0.5063     0.2532
ep_annihilation_con   1000       4   0.000304      3.2   0.4426     0.1106
ep_annihilation_con   1000       8   0.000390      2.5   0.3429     0.0429
  WARNING: high variance (CV=11.12%) for ep_annihilation_con size=1000 workers=8
ep_annihilation_con   5000       0   0.000652      7.5   1.0000     1.0000
  WARNING: high variance (CV=15.62%) for ep_annihilation_con size=5000 workers=0
ep_annihilation_con   5000       1   0.000667      7.2   0.9366     0.9366
  WARNING: high variance (CV=21.45%) for ep_annihilation_con size=5000 workers=1
ep_annihilation_con   5000       2   0.001415      3.6   0.4647     0.2323
ep_annihilation_con   5000       4   0.001407      3.4   0.4460     0.1115
  WARNING: high variance (CV=21.10%) for ep_annihilation_con size=5000 workers=4
ep_annihilation_con   5000       8   0.001871      2.7   0.3527     0.0441
ep_annihilation_con  10000       0   0.001258      7.4   1.0000     1.0000
  WARNING: high variance (CV=30.58%) for ep_annihilation_con size=10000 workers=0
ep_annihilation_con  10000       1   0.001344      6.8   0.8579     0.8579
  WARNING: high variance (CV=18.59%) for ep_annihilation_con size=10000 workers=1
ep_annihilation_con  10000       2   0.002876      3.5   0.4355     0.2177
  WARNING: high variance (CV=10.76%) for ep_annihilation_con size=10000 workers=2
ep_annihilation_con  10000       4   0.002917      3.3   0.4190     0.1048
ep_annihilation_con  10000       8   0.003631      2.8   0.3501     0.0438
ep_annihilation_con  50000       0   0.006086      8.1   1.0000     1.0000
ep_annihilation_con  50000       1   0.006659      7.6   0.9215     0.9215
ep_annihilation_con  50000       2   0.015354      3.2   0.3948     0.1974
  WARNING: high variance (CV=16.70%) for ep_annihilation_con size=50000 workers=2
ep_annihilation_con  50000       4   0.016518      3.0   0.3658     0.0914
ep_annihilation_con  50000       8   0.018780      2.7   0.3293     0.0412
ep_annihilation_con 100000       0   0.012791      7.9   1.0000     1.0000
ep_annihilation_con 100000       1   0.013886      7.2   0.9187     0.9187
ep_annihilation_con 100000       2   0.034142      3.0   0.3784     0.1892
ep_annihilation_con 100000       4   0.035687      2.8   0.3597     0.0899
ep_annihilation_con 100000       8   0.042509      2.3   0.2923     0.0365
  WARNING: high variance (CV=10.84%) for ep_annihilation_con size=100000 workers=8

Total datapoints: 350  |  All correct: true
Detail CSV written to: C:/Users/Filipe/Desktop/TCC_interaction_combinators_for_grid_computing/codigo/relativist/results/locked/v1_local_baseline/raw/phase1/ep_annihilation_con_detail.csv
Rounds CSV written to: C:/Users/Filipe/Desktop/TCC_interaction_combinators_for_grid_computing/codigo/relativist/results/locked/v1_local_baseline/raw/phase1/ep_annihilation_con_rounds.csv
Summary CSV written to: C:/Users/Filipe/Desktop/TCC_interaction_combinators_for_grid_computing/codigo/relativist/results/locked/v1_local_baseline/raw/phase1/ep_annihilation_con_summary.csv
