[2m2026-04-11T14:45:01.544916Z[0m [32m INFO[0m ThreadId(01) [2mrelativist::observability::tracing_init[0m[2m:[0m observability initialized [3mlog_format[0m[2m=[0mText [3mrole[0m[2m=[0mLocal [3mfilter_source[0m[2m=[0m"defaults" [3mdefault_filter[0m[2m=[0m"relativist::coordinator=info,relativist::worker=info,relativist::reduction=warn,relativist::protocol=warn,relativist::partition=info,relativist::net=warn,relativist::observability=info,relativist::security=info,warn" [3mmetrics_enabled[0m[2m=[0mfalse [3motel_enabled[0m[2m=[0mfalse
=== Relativist Benchmark Suite ===
Benchmarks:  ep_annihilation_dup
Mode:        local
Workers:     [1, 2, 4, 8]
Warmup:      2
Repetitions: 10

=== Results ===
Benchmark                   Size Workers    Time(s)     MIPS  Speedup Efficiency
--------------------------------------------------------------------------------
ep_annihilation_dup    100       0   0.000009     10.9   1.0000     1.0000
  WARNING: high variance (CV=16.61%) for ep_annihilation_dup size=100 workers=0
ep_annihilation_dup    100       1   0.000010     10.4   0.8994     0.8994
ep_annihilation_dup    100       2   0.000022      4.4   0.3836     0.1918
ep_annihilation_dup    100       4   0.000026      3.8   0.3304     0.0826
ep_annihilation_dup    100       8   0.000041      2.4   0.2087     0.0261
ep_annihilation_dup    500       0   0.000071      7.1   1.0000     1.0000
ep_annihilation_dup    500       1   0.000075      6.6   0.9343     0.9343
ep_annihilation_dup    500       2   0.000121      4.0   0.5742     0.2871
ep_annihilation_dup    500       4   0.000150      3.3   0.4713     0.1178
ep_annihilation_dup    500       8   0.000211      2.3   0.3282     0.0410
  WARNING: high variance (CV=13.44%) for ep_annihilation_dup size=500 workers=8
ep_annihilation_dup   1000       0   0.000140      7.1   1.0000     1.0000
ep_annihilation_dup   1000       1   0.000145      6.8   0.9490     0.9490
ep_annihilation_dup   1000       2   0.000270      3.7   0.5131     0.2566
ep_annihilation_dup   1000       4   0.000279      3.5   0.4984     0.1246
ep_annihilation_dup   1000       8   0.000388      2.5   0.3548     0.0444
ep_annihilation_dup   5000       0   0.000628      7.7   1.0000     1.0000
  WARNING: high variance (CV=11.48%) for ep_annihilation_dup size=5000 workers=0
ep_annihilation_dup   5000       1   0.000666      7.2   0.9083     0.9083
  WARNING: high variance (CV=11.79%) for ep_annihilation_dup size=5000 workers=1
ep_annihilation_dup   5000       2   0.001414      3.4   0.4319     0.2160
ep_annihilation_dup   5000       4   0.001486      3.3   0.4089     0.1022
  WARNING: high variance (CV=12.99%) for ep_annihilation_dup size=5000 workers=4
ep_annihilation_dup   5000       8   0.001825      2.7   0.3382     0.0423
  WARNING: high variance (CV=11.90%) for ep_annihilation_dup size=5000 workers=8
ep_annihilation_dup  10000       0   0.001259      7.7   1.0000     1.0000
ep_annihilation_dup  10000       1   0.001381      7.0   0.8769     0.8769
  WARNING: high variance (CV=12.98%) for ep_annihilation_dup size=10000 workers=1
ep_annihilation_dup  10000       2   0.002889      3.4   0.4342     0.2171
  WARNING: high variance (CV=10.80%) for ep_annihilation_dup size=10000 workers=2
ep_annihilation_dup  10000       4   0.002924      3.4   0.4243     0.1061
ep_annihilation_dup  10000       8   0.003443      2.8   0.3488     0.0436
  WARNING: high variance (CV=11.57%) for ep_annihilation_dup size=10000 workers=8
ep_annihilation_dup  50000       0   0.006554      7.7   1.0000     1.0000
ep_annihilation_dup  50000       1   0.006549      7.4   0.9651     0.9651
  WARNING: high variance (CV=11.77%) for ep_annihilation_dup size=50000 workers=1
ep_annihilation_dup  50000       2   0.015515      3.3   0.4295     0.2147
ep_annihilation_dup  50000       4   0.015619      3.2   0.4149     0.1037
ep_annihilation_dup  50000       8   0.018356      2.7   0.3539     0.0442
ep_annihilation_dup 100000       0   0.013190      7.4   1.0000     1.0000
ep_annihilation_dup 100000       1   0.014048      6.8   0.8961     0.8961
  WARNING: high variance (CV=18.90%) for ep_annihilation_dup size=100000 workers=1
ep_annihilation_dup 100000       2   0.032375      3.0   0.3912     0.1956
  WARNING: high variance (CV=15.47%) for ep_annihilation_dup size=100000 workers=2
ep_annihilation_dup 100000       4   0.037933      2.6   0.3397     0.0849
  WARNING: high variance (CV=12.56%) for ep_annihilation_dup size=100000 workers=4
ep_annihilation_dup 100000       8   0.045042      2.3   0.2971     0.0371

Total datapoints: 350  |  All correct: true
Detail CSV written to: C:/Users/Filipe/Desktop/TCC_interaction_combinators_for_grid_computing/codigo/relativist/results/locked/v1_local_baseline/raw/phase1/ep_annihilation_dup_detail.csv
Rounds CSV written to: C:/Users/Filipe/Desktop/TCC_interaction_combinators_for_grid_computing/codigo/relativist/results/locked/v1_local_baseline/raw/phase1/ep_annihilation_dup_rounds.csv
Summary CSV written to: C:/Users/Filipe/Desktop/TCC_interaction_combinators_for_grid_computing/codigo/relativist/results/locked/v1_local_baseline/raw/phase1/ep_annihilation_dup_summary.csv
