[2m2026-04-11T14:45:06.874653Z[0m [32m INFO[0m ThreadId(01) [2mrelativist::observability::tracing_init[0m[2m:[0m observability initialized [3mlog_format[0m[2m=[0mText [3mrole[0m[2m=[0mLocal [3mfilter_source[0m[2m=[0m"defaults" [3mdefault_filter[0m[2m=[0m"relativist::coordinator=info,relativist::worker=info,relativist::reduction=warn,relativist::protocol=warn,relativist::partition=info,relativist::net=warn,relativist::observability=info,relativist::security=info,warn" [3mmetrics_enabled[0m[2m=[0mfalse [3motel_enabled[0m[2m=[0mfalse
=== Relativist Benchmark Suite ===
Benchmarks:  mixed_net
Mode:        local
Workers:     [1, 2, 4, 8]
Warmup:      2
Repetitions: 10

=== Results ===
Benchmark                   Size Workers    Time(s)     MIPS  Speedup Efficiency
--------------------------------------------------------------------------------
mixed_net    100       0   0.000043     13.6   1.0000     1.0000
mixed_net    100       1   0.000045     12.6   0.9100     0.9100
  WARNING: high variance (CV=25.49%) for mixed_net size=100 workers=1
mixed_net    100       2   0.001699      0.3   0.0253     0.0126
mixed_net    100       4   0.009699      0.1   0.0044     0.0011
mixed_net    100       8   0.041858      0.0   0.0010     0.0001
mixed_net    500       0   0.000199     14.8   1.0000     1.0000
  WARNING: high variance (CV=12.37%) for mixed_net size=500 workers=0
mixed_net    500       1   0.000230     12.6   0.8309     0.8309
  WARNING: high variance (CV=18.66%) for mixed_net size=500 workers=1
mixed_net    500       2   0.002801      1.1   0.0718     0.0359
mixed_net    500       4   0.011012      0.3   0.0182     0.0045
mixed_net    500       8   0.044243      0.1   0.0045     0.0006
mixed_net   1000       0   0.000539     11.6   1.0000     1.0000
mixed_net   1000       1   0.000567     10.4   0.9318     0.9318
  WARNING: high variance (CV=13.34%) for mixed_net size=1000 workers=1
mixed_net   1000       2   0.003887      1.5   0.1384     0.0692
mixed_net   1000       4   0.013798      0.4   0.0386     0.0096
mixed_net   1000       8   0.051212      0.1   0.0104     0.0013
mixed_net   5000       0   0.002086     14.1   1.0000     1.0000
mixed_net   5000       1   0.002285     13.2   0.9158     0.9158
mixed_net   5000       2   0.019026      1.6   0.1088     0.0544
mixed_net   5000       4   0.066893      0.4   0.0308     0.0077
mixed_net   5000       8   0.279961      0.1   0.0075     0.0009
mixed_net  10000       0   0.004527     13.1   1.0000     1.0000
mixed_net  10000       1   0.005376     10.8   0.8179     0.8179
  WARNING: high variance (CV=18.62%) for mixed_net size=10000 workers=1
mixed_net  10000       2   0.041364      1.4   0.1089     0.0545
mixed_net  10000       4   0.146249      0.4   0.0307     0.0077
mixed_net  10000       8   0.516809      0.1   0.0088     0.0011

Total datapoints: 250  |  All correct: true
Detail CSV written to: C:/Users/Filipe/Desktop/TCC_interaction_combinators_for_grid_computing/codigo/relativist/results/locked/v1_local_baseline/raw/phase1/mixed_net_detail.csv
Rounds CSV written to: C:/Users/Filipe/Desktop/TCC_interaction_combinators_for_grid_computing/codigo/relativist/results/locked/v1_local_baseline/raw/phase1/mixed_net_rounds.csv
Summary CSV written to: C:/Users/Filipe/Desktop/TCC_interaction_combinators_for_grid_computing/codigo/relativist/results/locked/v1_local_baseline/raw/phase1/mixed_net_summary.csv
