[2m2026-04-10T18:02:36.025679Z[0m [32m INFO[0m ThreadId(01) [2mrelativist::observability::tracing_init[0m[2m:[0m observability initialized [3mlog_format[0m[2m=[0mText [3mrole[0m[2m=[0mLocal [3mfilter_source[0m[2m=[0m"defaults" [3mdefault_filter[0m[2m=[0m"relativist::coordinator=info,relativist::worker=info,relativist::reduction=warn,relativist::protocol=warn,relativist::partition=info,relativist::net=warn,relativist::observability=info,relativist::security=info,warn" [3mmetrics_enabled[0m[2m=[0mfalse [3motel_enabled[0m[2m=[0mfalse
=== Relativist Benchmark Suite ===
Benchmarks:  condup_expansion
Mode:        local
Workers:     [1, 2, 4, 8]
Warmup:      2
Repetitions: 5

=== Results ===
Benchmark                   Size Workers    Time(s)     MIPS  Speedup Efficiency
--------------------------------------------------------------------------------
condup_expansion   5000       0   0.000803      6.5   1.0000     1.0000
  WARNING: high variance (CV=10.06%) for condup_expansion size=5000 workers=0
condup_expansion   5000       1   0.000951      5.2   0.8366     0.8366
condup_expansion   5000       2   0.006898      0.7   0.1178     0.0589
condup_expansion   5000       4   0.038653      0.1   0.0207     0.0052
condup_expansion   5000       8   0.098601      0.0   0.0076     0.0010
  WARNING: high variance (CV=13.33%) for condup_expansion size=5000 workers=8
condup_expansion  10000       0   0.001956      5.1   1.0000     1.0000
condup_expansion  10000       1   0.002038      4.8   0.9473     0.9473
condup_expansion  10000       2   0.014338      0.7   0.1340     0.0670
condup_expansion  10000       4   0.049447      0.2   0.0396     0.0099
condup_expansion  10000       8   0.276771      0.0   0.0073     0.0009
  WARNING: high variance (CV=10.36%) for condup_expansion size=10000 workers=8
condup_expansion  50000       0   0.011552      3.9   1.0000     1.0000
  WARNING: high variance (CV=23.35%) for condup_expansion size=50000 workers=0
condup_expansion  50000       1   0.013428      3.6   0.8323     0.8323
  WARNING: high variance (CV=20.11%) for condup_expansion size=50000 workers=1
condup_expansion  50000       2   0.137283      0.4   0.0816     0.0408
condup_expansion  50000       4   0.341542      0.2   0.0348     0.0087
condup_expansion  50000       8   1.285257      0.0   0.0094     0.0012

Total datapoints: 75  |  All correct: true
Detail CSV written to: results/post_fix/condup_local_detail.csv
Rounds CSV written to: results/post_fix/condup_local_rounds.csv
Summary CSV written to: results/post_fix/condup_local_summary.csv
