[2m2026-04-10T18:00:39.278669Z[0m [32m INFO[0m ThreadId(01) [2mrelativist::observability::tracing_init[0m[2m:[0m observability initialized [3mlog_format[0m[2m=[0mText [3mrole[0m[2m=[0mLocal [3mfilter_source[0m[2m=[0m"defaults" [3mdefault_filter[0m[2m=[0m"relativist::coordinator=info,relativist::worker=info,relativist::reduction=warn,relativist::protocol=warn,relativist::partition=info,relativist::net=warn,relativist::observability=info,relativist::security=info,warn" [3mmetrics_enabled[0m[2m=[0mfalse [3motel_enabled[0m[2m=[0mfalse
=== Relativist Benchmark Suite ===
Benchmarks:  ep_annihilation_con
Mode:        local
Workers:     [1, 2, 4, 8]
Warmup:      2
Repetitions: 5

=== Results ===
Benchmark                   Size Workers    Time(s)     MIPS  Speedup Efficiency
--------------------------------------------------------------------------------
ep_annihilation_con 500000       0   0.159172      3.1   1.0000     1.0000
ep_annihilation_con 500000       1   0.178876      2.8   0.8763     0.8763
ep_annihilation_con 500000       2   0.560931      0.9   0.2860     0.1430
  WARNING: high variance (CV=16.15%) for ep_annihilation_con size=500000 workers=2
ep_annihilation_con 500000       4   0.671214      0.7   0.2378     0.0595
ep_annihilation_con 500000       8   0.800352      0.6   0.2022     0.0253
ep_annihilation_con 1000000       0   0.386117      2.6   1.0000     1.0000
ep_annihilation_con 1000000       1   0.425347      2.4   0.9370     0.9370
ep_annihilation_con 1000000       2   1.455120      0.7   0.2695     0.1347
ep_annihilation_con 1000000       4   1.516683      0.7   0.2550     0.0638
ep_annihilation_con 1000000       8   2.106754      0.4   0.1630     0.0204
  WARNING: high variance (CV=25.72%) for ep_annihilation_con size=1000000 workers=8
ep_annihilation_con 5000000       0   3.771865      1.3   1.0000     1.0000
ep_annihilation_con 5000000       1   4.232350      1.3   0.9597     0.9597
  WARNING: high variance (CV=15.24%) for ep_annihilation_con size=5000000 workers=1
ep_annihilation_con 5000000       2   7.515034      0.7   0.5021     0.2511
ep_annihilation_con 5000000       4  10.482376      0.5   0.3848     0.0962
ep_annihilation_con 5000000       8  12.559183      0.4   0.3005     0.0376

Total datapoints: 75  |  All correct: true
Detail CSV written to: results/post_fix/ep_con_local_detail.csv
Rounds CSV written to: results/post_fix/ep_con_local_rounds.csv
Summary CSV written to: results/post_fix/ep_con_local_summary.csv
