[15:12:28] === Phase 2 L6 fix validation ===
[15:12:28] Timeout per run: 1800s
[15:12:28] Output dir: /c/Users/Filipe/Desktop/TCC_interaction_combinators_for_grid_computing/codigo/relativist/results/post_fix

[15:12:28] Rebuilding Docker image with CompactSubnet fix...

#21 [coordinator] resolving provenance for metadata file
#21 DONE 0.0s
 Image relativist-coordinator Built 
 Image relativist-worker Built 
[15:13:38] Docker image OK.

[15:13:39] Baseline dual_tree:22 = 2.541810s
[15:13:39] 
[15:13:39] [1/4] dual_tree size=22 workers=1
[15:13:48]   Warmup 1/1 (exit=2)
[15:14:01]   Rep 1: FAILED (exit=2)
[15:14:13]   Rep 2: FAILED (exit=2)
[15:14:26]   Rep 3: FAILED (exit=2)
[15:14:26] Baseline ep_annihilation_con:5000000 = 4.475921s
[15:14:26] 
[15:14:26] [2/4] ep_annihilation_con size=5000000 workers=1
[15:14:38]   Warmup 1/1 (exit=2)
[15:14:52]   Rep 1: FAILED (exit=2)
[15:15:06]   Rep 2: FAILED (exit=2)
[15:15:19]   Rep 3: FAILED (exit=2)
[15:15:19] 
[15:15:19] [3/4] ep_annihilation_con size=5000000 workers=2
[15:15:42]   Warmup 1/1 (exit=2)
[15:16:04]   Rep 1: FAILED (exit=137)
[15:16:27]   Rep 2: FAILED (exit=137)
[15:17:02]   Rep 3: FAILED (exit=2)
[15:17:03] 
[15:17:03] [4/4] ep_annihilation_con size=5000000 workers=4
[15:17:38]   Warmup 1/1 (exit=0)
[15:18:13]   Rep 1/3: 13.442851s correct=true
[15:18:41]   Rep 2: FAILED (exit=137)
[15:19:16]   Rep 3/3: 15.154854s correct=true
[15:19:17] 
[15:19:17] === L6 validation complete ===
[15:19:17] Detail  rows: 13
[15:19:18] Summary rows: 2
[15:19:18] Rounds  rows: 3
