[2m2026-04-11T21:26:40.669412Z[0m [32m INFO[0m ThreadId(01) [2mrelativist::observability::tracing_init[0m[2m:[0m observability initialized [3mlog_format[0m[2m=[0mText [3mrole[0m[2m=[0mLocal [3mfilter_source[0m[2m=[0m"defaults" [3mdefault_filter[0m[2m=[0m"relativist::coordinator=info,relativist::worker=info,relativist::reduction=warn,relativist::protocol=warn,relativist::partition=info,relativist::net=warn,relativist::observability=info,relativist::security=info,warn" [3mmetrics_enabled[0m[2m=[0mfalse [3motel_enabled[0m[2m=[0mfalse
=== Relativist Benchmark Suite ===
Benchmarks:  dual_tree
Mode:        local
Workers:     [1, 2, 4, 8]
Warmup:      2
Repetitions: 5

=== Results ===
Benchmark                   Size Workers    Time(s)     MIPS  Speedup Efficiency
--------------------------------------------------------------------------------
dual_tree     23       0   1.552339      5.4   1.0000     1.0000
dual_tree     23       1   1.570262      5.3   0.9825     0.9825
dual_tree     23       2   7.039074      1.2   0.2211     0.1106
dual_tree     23       4   7.115234      1.2   0.2174     0.0544
dual_tree     23       8   7.297779      1.1   0.2125     0.0266
dual_tree     24       0   3.521196      4.8   1.0000     1.0000
dual_tree     24       1   3.496190      4.7   0.9936     0.9936
dual_tree     24       2  14.750279      1.1   0.2383     0.1191
dual_tree     24       4  14.934578      1.1   0.2358     0.0589
dual_tree     24       8  15.419408      1.1   0.2279     0.0285
dual_tree     25       0   7.440380      4.5   1.0000     1.0000
dual_tree     25       1   7.491522      4.5   0.9927     0.9927
dual_tree     25       2  30.993705      1.1   0.2399     0.1199
dual_tree     25       4  31.156362      1.1   0.2387     0.0597
dual_tree     25       8  32.142456      1.0   0.2319     0.0290

Total datapoints: 75  |  All correct: true
Detail CSV written to: C:/Users/Filipe/Desktop/TCC_interaction_combinators_for_grid_computing/codigo/relativist/results/extended/v1_stress/raw/phase1/dual_tree_stress_detail.csv
Rounds CSV written to: C:/Users/Filipe/Desktop/TCC_interaction_combinators_for_grid_computing/codigo/relativist/results/extended/v1_stress/raw/phase1/dual_tree_stress_rounds.csv
Summary CSV written to: C:/Users/Filipe/Desktop/TCC_interaction_combinators_for_grid_computing/codigo/relativist/results/extended/v1_stress/raw/phase1/dual_tree_stress_summary.csv
